<?xml version="1.0" encoding="UTF-8"?>
<testsuite xmlns:xsi="http://www.w3.org/2001/XMLSchema-instance" xsi:noNamespaceSchemaLocation="https://maven.apache.org/surefire/maven-surefire-plugin/xsd/surefire-test-report.xsd" name="org.springcloud.feign.AppTest" time="0.034" tests="1" errors="0" skipped="0" failures="0">
  <properties>
    <property name="sun.desktop" value="windows"/>
    <property name="awt.toolkit" value="sun.awt.windows.WToolkit"/>
    <property name="file.encoding.pkg" value="sun.io"/>
    <property name="java.specification.version" value="1.8"/>
    <property name="sun.cpu.isalist" value="amd64"/>
    <property name="sun.jnu.encoding" value="GBK"/>
    <property name="java.class.path" value="D:\pccw\workspace_arch\springcloud-parent\springcloud-feign\target\test-classes;D:\pccw\workspace_arch\springcloud-parent\springcloud-feign\target\classes;D:\java\maven-3.0.5\repository\junit\junit\4.11\junit-4.11.jar;D:\java\maven-3.0.5\repository\org\hamcrest\hamcrest-core\1.3\hamcrest-core-1.3.jar;D:\java\maven-3.0.5\repository\org\springframework\boot\spring-boot-starter-aop\1.5.3.RELEASE\spring-boot-starter-aop-1.5.3.RELEASE.jar;D:\java\maven-3.0.5\repository\org\springframework\boot\spring-boot-starter\1.5.3.RELEASE\spring-boot-starter-1.5.3.RELEASE.jar;D:\java\maven-3.0.5\repository\org\springframework\boot\spring-boot\1.5.3.RELEASE\spring-boot-1.5.3.RELEASE.jar;D:\java\maven-3.0.5\repository\org\springframework\boot\spring-boot-autoconfigure\1.5.3.RELEASE\spring-boot-autoconfigure-1.5.3.RELEASE.jar;D:\java\maven-3.0.5\repository\org\springframework\boot\spring-boot-starter-logging\1.5.3.RELEASE\spring-boot-starter-logging-1.5.3.RELEASE.jar;D:\java\maven-3.0.5\repository\ch\qos\logback\logback-classic\1.1.11\logback-classic-1.1.11.jar;D:\java\maven-3.0.5\repository\ch\qos\logback\logback-core\1.1.11\logback-core-1.1.11.jar;D:\java\maven-3.0.5\repository\org\slf4j\jcl-over-slf4j\1.7.25\jcl-over-slf4j-1.7.25.jar;D:\java\maven-3.0.5\repository\org\slf4j\jul-to-slf4j\1.7.25\jul-to-slf4j-1.7.25.jar;D:\java\maven-3.0.5\repository\org\slf4j\log4j-over-slf4j\1.7.25\log4j-over-slf4j-1.7.25.jar;D:\java\maven-3.0.5\repository\org\springframework\spring-core\4.3.8.RELEASE\spring-core-4.3.8.RELEASE.jar;D:\java\maven-3.0.5\repository\org\yaml\snakeyaml\1.17\snakeyaml-1.17.jar;D:\java\maven-3.0.5\repository\org\springframework\spring-aop\4.3.8.RELEASE\spring-aop-4.3.8.RELEASE.jar;D:\java\maven-3.0.5\repository\org\springframework\spring-beans\4.3.8.RELEASE\spring-beans-4.3.8.RELEASE.jar;D:\java\maven-3.0.5\repository\org\aspectj\aspectjweaver\1.8.10\aspectjweaver-1.8.10.jar;D:\java\maven-3.0.5\repository\org\springframework\cloud\spring-cloud-starter-eureka-server\1.1.0.RELEASE\spring-cloud-starter-eureka-server-1.1.0.RELEASE.jar;D:\java\maven-3.0.5\repository\org\springframework\cloud\spring-cloud-starter\1.1.0.RELEASE\spring-cloud-starter-1.1.0.RELEASE.jar;D:\java\maven-3.0.5\repository\org\springframework\cloud\spring-cloud-context\1.1.0.RELEASE\spring-cloud-context-1.1.0.RELEASE.jar;D:\java\maven-3.0.5\repository\org\springframework\security\spring-security-rsa\1.0.1.RELEASE\spring-security-rsa-1.0.1.RELEASE.jar;D:\java\maven-3.0.5\repository\org\bouncycastle\bcpkix-jdk15on\1.47\bcpkix-jdk15on-1.47.jar;D:\java\maven-3.0.5\repository\org\bouncycastle\bcprov-jdk15on\1.47\bcprov-jdk15on-1.47.jar;D:\java\maven-3.0.5\repository\org\springframework\cloud\spring-cloud-netflix-eureka-server\1.1.0.RELEASE\spring-cloud-netflix-eureka-server-1.1.0.RELEASE.jar;D:\java\maven-3.0.5\repository\org\springframework\boot\spring-boot-starter-freemarker\1.5.3.RELEASE\spring-boot-starter-freemarker-1.5.3.RELEASE.jar;D:\java\maven-3.0.5\repository\org\freemarker\freemarker\2.3.26-incubating\freemarker-2.3.26-incubating.jar;D:\java\maven-3.0.5\repository\org\springframework\spring-context-support\4.3.8.RELEASE\spring-context-support-4.3.8.RELEASE.jar;D:\java\maven-3.0.5\repository\org\springframework\cloud\spring-cloud-netflix-eureka-client\1.1.0.RELEASE\spring-cloud-netflix-eureka-client-1.1.0.RELEASE.jar;D:\java\maven-3.0.5\repository\com\netflix\eureka\eureka-client\1.4.6\eureka-client-1.4.6.jar;D:\java\maven-3.0.5\repository\org\codehaus\jettison\jettison\1.3.7\jettison-1.3.7.jar;D:\java\maven-3.0.5\repository\stax\stax-api\1.0.1\stax-api-1.0.1.jar;D:\java\maven-3.0.5\repository\com\netflix\netflix-commons\netflix-eventbus\0.3.0\netflix-eventbus-0.3.0.jar;D:\java\maven-3.0.5\repository\javax\ws\rs\jsr311-api\1.1.1\jsr311-api-1.1.1.jar;D:\java\maven-3.0.5\repository\com\sun\jersey\jersey-core\1.19.1\jersey-core-1.19.1.jar;D:\java\maven-3.0.5\repository\com\google\inject\guice\4.0\guice-4.0.jar;D:\java\maven-3.0.5\repository\aopalliance\aopalliance\1.0\aopalliance-1.0.jar;D:\java\maven-3.0.5\repository\com\netflix\governator\governator-api\1.12.10\governator-api-1.12.10.jar;D:\java\maven-3.0.5\repository\com\sun\jersey\jersey-servlet\1.19.1\jersey-servlet-1.19.1.jar;D:\java\maven-3.0.5\repository\com\sun\jersey\jersey-server\1.19.1\jersey-server-1.19.1.jar;D:\java\maven-3.0.5\repository\com\netflix\eureka\eureka-core\1.4.6\eureka-core-1.4.6.jar;D:\java\maven-3.0.5\repository\com\amazonaws\aws-java-sdk-core\1.10.30\aws-java-sdk-core-1.10.30.jar;D:\java\maven-3.0.5\repository\com\amazonaws\aws-java-sdk-ec2\1.10.30\aws-java-sdk-ec2-1.10.30.jar;D:\java\maven-3.0.5\repository\com\amazonaws\aws-java-sdk-autoscaling\1.9.3\aws-java-sdk-autoscaling-1.9.3.jar;D:\java\maven-3.0.5\repository\com\amazonaws\aws-java-sdk-sts\1.9.3\aws-java-sdk-sts-1.9.3.jar;D:\java\maven-3.0.5\repository\com\amazonaws\aws-java-sdk-route53\1.9.3\aws-java-sdk-route53-1.9.3.jar;D:\java\maven-3.0.5\repository\com\netflix\governator\governator\1.12.10\governator-1.12.10.jar;D:\java\maven-3.0.5\repository\com\netflix\governator\governator-core\1.12.10\governator-core-1.12.10.jar;D:\java\maven-3.0.5\repository\org\codehaus\woodstox\woodstox-core-asl\4.4.1\woodstox-core-asl-4.4.1.jar;D:\java\maven-3.0.5\repository\javax\xml\stream\stax-api\1.0-2\stax-api-1.0-2.jar;D:\java\maven-3.0.5\repository\com\netflix\archaius\archaius-core\0.7.4\archaius-core-0.7.4.jar;D:\java\maven-3.0.5\repository\com\google\code\findbugs\jsr305\3.0.1\jsr305-3.0.1.jar;D:\java\maven-3.0.5\repository\javax\inject\javax.inject\1\javax.inject-1.jar;D:\java\maven-3.0.5\repository\com\fasterxml\jackson\dataformat\jackson-dataformat-xml\2.8.8\jackson-dataformat-xml-2.8.8.jar;D:\java\maven-3.0.5\repository\com\fasterxml\jackson\module\jackson-module-jaxb-annotations\2.8.8\jackson-module-jaxb-annotations-2.8.8.jar;D:\java\maven-3.0.5\repository\org\codehaus\woodstox\stax2-api\3.1.4\stax2-api-3.1.4.jar;D:\java\maven-3.0.5\repository\com\fasterxml\woodstox\woodstox-core\5.0.3\woodstox-core-5.0.3.jar;D:\java\maven-3.0.5\repository\com\thoughtworks\xstream\xstream\1.4.2\xstream-1.4.2.jar;D:\java\maven-3.0.5\repository\xmlpull\xmlpull\1.1.3.1\xmlpull-1.1.3.1.jar;D:\java\maven-3.0.5\repository\xpp3\xpp3_min\1.1.4c\xpp3_min-1.1.4c.jar;D:\java\maven-3.0.5\repository\org\springframework\cloud\spring-cloud-starter-archaius\1.1.0.RELEASE\spring-cloud-starter-archaius-1.1.0.RELEASE.jar;D:\java\maven-3.0.5\repository\commons-configuration\commons-configuration\1.8\commons-configuration-1.8.jar;D:\java\maven-3.0.5\repository\commons-logging\commons-logging\1.1.1\commons-logging-1.1.1.jar;D:\java\maven-3.0.5\repository\com\fasterxml\jackson\core\jackson-annotations\2.8.0\jackson-annotations-2.8.0.jar;D:\java\maven-3.0.5\repository\com\fasterxml\jackson\core\jackson-core\2.8.8\jackson-core-2.8.8.jar;D:\java\maven-3.0.5\repository\com\fasterxml\jackson\core\jackson-databind\2.8.8\jackson-databind-2.8.8.jar;D:\java\maven-3.0.5\repository\com\google\guava\guava\18.0\guava-18.0.jar;D:\java\maven-3.0.5\repository\com\netflix\ribbon\ribbon-eureka\2.1.5\ribbon-eureka-2.1.5.jar;D:\java\maven-3.0.5\repository\org\slf4j\slf4j-api\1.7.25\slf4j-api-1.7.25.jar;D:\java\maven-3.0.5\repository\org\springframework\boot\spring-boot-starter-security\1.5.3.RELEASE\spring-boot-starter-security-1.5.3.RELEASE.jar;D:\java\maven-3.0.5\repository\org\springframework\security\spring-security-config\4.2.2.RELEASE\spring-security-config-4.2.2.RELEASE.jar;D:\java\maven-3.0.5\repository\org\springframework\security\spring-security-core\4.2.2.RELEASE\spring-security-core-4.2.2.RELEASE.jar;D:\java\maven-3.0.5\repository\org\springframework\spring-context\4.3.8.RELEASE\spring-context-4.3.8.RELEASE.jar;D:\java\maven-3.0.5\repository\org\springframework\security\spring-security-web\4.2.2.RELEASE\spring-security-web-4.2.2.RELEASE.jar;D:\java\maven-3.0.5\repository\org\springframework\spring-expression\4.3.8.RELEASE\spring-expression-4.3.8.RELEASE.jar;D:\java\maven-3.0.5\repository\org\springframework\cloud\spring-cloud-starter-ribbon\1.1.0.RELEASE\spring-cloud-starter-ribbon-1.1.0.RELEASE.jar;D:\java\maven-3.0.5\repository\org\springframework\cloud\spring-cloud-netflix-core\1.1.0.RELEASE\spring-cloud-netflix-core-1.1.0.RELEASE.jar;D:\java\maven-3.0.5\repository\com\netflix\ribbon\ribbon\2.1.5\ribbon-2.1.5.jar;D:\java\maven-3.0.5\repository\com\netflix\ribbon\ribbon-transport\2.1.5\ribbon-transport-2.1.5.jar;D:\java\maven-3.0.5\repository\io\reactivex\rxnetty-contexts\0.4.9\rxnetty-contexts-0.4.9.jar;D:\java\maven-3.0.5\repository\io\reactivex\rxnetty-servo\0.4.9\rxnetty-servo-0.4.9.jar;D:\java\maven-3.0.5\repository\io\reactivex\rxnetty\0.4.9\rxnetty-0.4.9.jar;D:\java\maven-3.0.5\repository\io\netty\netty-codec-http\4.0.27.Final\netty-codec-http-4.0.27.Final.jar;D:\java\maven-3.0.5\repository\io\netty\netty-codec\4.0.27.Final\netty-codec-4.0.27.Final.jar;D:\java\maven-3.0.5\repository\io\netty\netty-handler\4.0.27.Final\netty-handler-4.0.27.Final.jar;D:\java\maven-3.0.5\repository\io\netty\netty-transport-native-epoll\4.0.27.Final\netty-transport-native-epoll-4.0.27.Final.jar;D:\java\maven-3.0.5\repository\io\netty\netty-common\4.0.27.Final\netty-common-4.0.27.Final.jar;D:\java\maven-3.0.5\repository\io\netty\netty-buffer\4.0.27.Final\netty-buffer-4.0.27.Final.jar;D:\java\maven-3.0.5\repository\io\netty\netty-transport\4.0.27.Final\netty-transport-4.0.27.Final.jar;D:\java\maven-3.0.5\repository\com\netflix\ribbon\ribbon-core\2.1.5\ribbon-core-2.1.5.jar;D:\java\maven-3.0.5\repository\commons-lang\commons-lang\2.6\commons-lang-2.6.jar;D:\java\maven-3.0.5\repository\com\netflix\ribbon\ribbon-httpclient\2.1.5\ribbon-httpclient-2.1.5.jar;D:\java\maven-3.0.5\repository\commons-collections\commons-collections\3.2.2\commons-collections-3.2.2.jar;D:\java\maven-3.0.5\repository\org\apache\httpcomponents\httpclient\4.5.3\httpclient-4.5.3.jar;D:\java\maven-3.0.5\repository\org\apache\httpcomponents\httpcore\4.4.6\httpcore-4.4.6.jar;D:\java\maven-3.0.5\repository\commons-codec\commons-codec\1.10\commons-codec-1.10.jar;D:\java\maven-3.0.5\repository\com\sun\jersey\jersey-client\1.19.1\jersey-client-1.19.1.jar;D:\java\maven-3.0.5\repository\com\sun\jersey\contribs\jersey-apache-client4\1.19.1\jersey-apache-client4-1.19.1.jar;D:\java\maven-3.0.5\repository\com\netflix\servo\servo-core\0.10.1\servo-core-0.10.1.jar;D:\java\maven-3.0.5\repository\com\netflix\servo\servo-internal\0.10.1\servo-internal-0.10.1.jar;D:\java\maven-3.0.5\repository\com\netflix\netflix-commons\netflix-commons-util\0.1.1\netflix-commons-util-0.1.1.jar;D:\java\maven-3.0.5\repository\com\netflix\ribbon\ribbon-loadbalancer\2.1.5\ribbon-loadbalancer-2.1.5.jar;D:\java\maven-3.0.5\repository\com\netflix\netflix-commons\netflix-statistics\0.1.1\netflix-statistics-0.1.1.jar;D:\java\maven-3.0.5\repository\io\reactivex\rxjava\1.1.5\rxjava-1.1.5.jar;D:\java\maven-3.0.5\repository\org\springframework\cloud\spring-cloud-starter-feign\1.1.0.RELEASE\spring-cloud-starter-feign-1.1.0.RELEASE.jar;D:\java\maven-3.0.5\repository\org\springframework\spring-web\4.3.8.RELEASE\spring-web-4.3.8.RELEASE.jar;D:\java\maven-3.0.5\repository\org\springframework\cloud\spring-cloud-commons\1.1.0.RELEASE\spring-cloud-commons-1.1.0.RELEASE.jar;D:\java\maven-3.0.5\repository\org\springframework\security\spring-security-crypto\4.2.2.RELEASE\spring-security-crypto-4.2.2.RELEASE.jar;D:\java\maven-3.0.5\repository\com\netflix\feign\feign-core\8.16.2\feign-core-8.16.2.jar;D:\java\maven-3.0.5\repository\org\jvnet\animal-sniffer-annotation\1.0\animal-sniffer-annotation-1.0.jar;D:\java\maven-3.0.5\repository\com\netflix\feign\feign-slf4j\8.16.2\feign-slf4j-8.16.2.jar;D:\java\maven-3.0.5\repository\com\netflix\feign\feign-hystrix\8.16.2\feign-hystrix-8.16.2.jar;D:\java\maven-3.0.5\repository\org\springframework\cloud\spring-cloud-starter-hystrix\1.1.0.RELEASE\spring-cloud-starter-hystrix-1.1.0.RELEASE.jar;D:\java\maven-3.0.5\repository\com\netflix\hystrix\hystrix-core\1.5.2\hystrix-core-1.5.2.jar;D:\java\maven-3.0.5\repository\org\hdrhistogram\HdrHistogram\2.1.7\HdrHistogram-2.1.7.jar;D:\java\maven-3.0.5\repository\com\netflix\hystrix\hystrix-metrics-event-stream\1.5.2\hystrix-metrics-event-stream-1.5.2.jar;D:\java\maven-3.0.5\repository\com\netflix\hystrix\hystrix-javanica\1.5.2\hystrix-javanica-1.5.2.jar;D:\java\maven-3.0.5\repository\org\apache\commons\commons-lang3\3.1\commons-lang3-3.1.jar;D:\java\maven-3.0.5\repository\org\ow2\asm\asm\5.0.4\asm-5.0.4.jar;D:\java\maven-3.0.5\repository\org\springframework\boot\spring-boot-starter-actuator\1.5.3.RELEASE\spring-boot-starter-actuator-1.5.3.RELEASE.jar;D:\java\maven-3.0.5\repository\org\springframework\boot\spring-boot-actuator\1.5.3.RELEASE\spring-boot-actuator-1.5.3.RELEASE.jar;D:\java\maven-3.0.5\repository\org\springframework\cloud\spring-cloud-starter-hystrix-dashboard\1.1.0.RELEASE\spring-cloud-starter-hystrix-dashboard-1.1.0.RELEASE.jar;D:\java\maven-3.0.5\repository\org\springframework\boot\spring-boot-starter-web\1.5.3.RELEASE\spring-boot-starter-web-1.5.3.RELEASE.jar;D:\java\maven-3.0.5\repository\org\springframework\boot\spring-boot-starter-tomcat\1.5.3.RELEASE\spring-boot-starter-tomcat-1.5.3.RELEASE.jar;D:\java\maven-3.0.5\repository\org\apache\tomcat\embed\tomcat-embed-core\8.5.14\tomcat-embed-core-8.5.14.jar;D:\java\maven-3.0.5\repository\org\apache\tomcat\embed\tomcat-embed-el\8.5.14\tomcat-embed-el-8.5.14.jar;D:\java\maven-3.0.5\repository\org\apache\tomcat\embed\tomcat-embed-websocket\8.5.14\tomcat-embed-websocket-8.5.14.jar;D:\java\maven-3.0.5\repository\org\hibernate\hibernate-validator\5.3.5.Final\hibernate-validator-5.3.5.Final.jar;D:\java\maven-3.0.5\repository\javax\validation\validation-api\1.1.0.Final\validation-api-1.1.0.Final.jar;D:\java\maven-3.0.5\repository\org\jboss\logging\jboss-logging\3.3.1.Final\jboss-logging-3.3.1.Final.jar;D:\java\maven-3.0.5\repository\com\fasterxml\classmate\1.3.3\classmate-1.3.3.jar;D:\java\maven-3.0.5\repository\org\springframework\spring-webmvc\4.3.8.RELEASE\spring-webmvc-4.3.8.RELEASE.jar;D:\java\maven-3.0.5\repository\org\springframework\cloud\spring-cloud-netflix-hystrix-dashboard\1.1.0.RELEASE\spring-cloud-netflix-hystrix-dashboard-1.1.0.RELEASE.jar;D:\java\maven-3.0.5\repository\org\webjars\jquery\2.1.1\jquery-2.1.1.jar;D:\java\maven-3.0.5\repository\org\webjars\d3js\3.4.11\d3js-3.4.11.jar;D:\java\maven-3.0.5\repository\org\springframework\cloud\spring-cloud-starter-zuul\1.1.0.RELEASE\spring-cloud-starter-zuul-1.1.0.RELEASE.jar;D:\java\maven-3.0.5\repository\com\netflix\zuul\zuul-core\1.1.0\zuul-core-1.1.0.jar;D:\java\maven-3.0.5\repository\commons-io\commons-io\2.4\commons-io-2.4.jar;D:\java\maven-3.0.5\repository\org\mybatis\mybatis-spring\1.2.2\mybatis-spring-1.2.2.jar;D:\java\maven-3.0.5\repository\org\mybatis\mybatis\3.2.8\mybatis-3.2.8.jar;D:\java\maven-3.0.5\repository\c3p0\c3p0\0.9.1.2\c3p0-0.9.1.2.jar;D:\java\maven-3.0.5\repository\mysql\mysql-connector-java\5.1.41\mysql-connector-java-5.1.41.jar;"/>
    <property name="java.vm.vendor" value="Oracle Corporation"/>
    <property name="sun.arch.data.model" value="64"/>
    <property name="user.variant" value=""/>
    <property name="java.vendor.url" value="http://java.oracle.com/"/>
    <property name="user.timezone" value=""/>
    <property name="java.vm.specification.version" value="1.8"/>
    <property name="os.name" value="Windows 10"/>
    <property name="user.country" value="CN"/>
    <property name="sun.java.launcher" value="SUN_STANDARD"/>
    <property name="sun.boot.library.path" value="D:\Program Files\Java\jdk1.8.0_131\jre\bin"/>
    <property name="sun.java.command" value="C:\Users\ouyang\AppData\Local\Temp\surefire2475747836720216503\surefirebooter5832995854725480371.jar C:\Users\ouyang\AppData\Local\Temp\surefire2475747836720216503 2018-05-31T10-46-44_690-jvmRun1 surefire4797105073832019957tmp surefire_47712497881436953650tmp"/>
    <property name="surefire.test.class.path" value="D:\pccw\workspace_arch\springcloud-parent\springcloud-feign\target\test-classes;D:\pccw\workspace_arch\springcloud-parent\springcloud-feign\target\classes;D:\java\maven-3.0.5\repository\junit\junit\4.11\junit-4.11.jar;D:\java\maven-3.0.5\repository\org\hamcrest\hamcrest-core\1.3\hamcrest-core-1.3.jar;D:\java\maven-3.0.5\repository\org\springframework\boot\spring-boot-starter-aop\1.5.3.RELEASE\spring-boot-starter-aop-1.5.3.RELEASE.jar;D:\java\maven-3.0.5\repository\org\springframework\boot\spring-boot-starter\1.5.3.RELEASE\spring-boot-starter-1.5.3.RELEASE.jar;D:\java\maven-3.0.5\repository\org\springframework\boot\spring-boot\1.5.3.RELEASE\spring-boot-1.5.3.RELEASE.jar;D:\java\maven-3.0.5\repository\org\springframework\boot\spring-boot-autoconfigure\1.5.3.RELEASE\spring-boot-autoconfigure-1.5.3.RELEASE.jar;D:\java\maven-3.0.5\repository\org\springframework\boot\spring-boot-starter-logging\1.5.3.RELEASE\spring-boot-starter-logging-1.5.3.RELEASE.jar;D:\java\maven-3.0.5\repository\ch\qos\logback\logback-classic\1.1.11\logback-classic-1.1.11.jar;D:\java\maven-3.0.5\repository\ch\qos\logback\logback-core\1.1.11\logback-core-1.1.11.jar;D:\java\maven-3.0.5\repository\org\slf4j\jcl-over-slf4j\1.7.25\jcl-over-slf4j-1.7.25.jar;D:\java\maven-3.0.5\repository\org\slf4j\jul-to-slf4j\1.7.25\jul-to-slf4j-1.7.25.jar;D:\java\maven-3.0.5\repository\org\slf4j\log4j-over-slf4j\1.7.25\log4j-over-slf4j-1.7.25.jar;D:\java\maven-3.0.5\repository\org\springframework\spring-core\4.3.8.RELEASE\spring-core-4.3.8.RELEASE.jar;D:\java\maven-3.0.5\repository\org\yaml\snakeyaml\1.17\snakeyaml-1.17.jar;D:\java\maven-3.0.5\repository\org\springframework\spring-aop\4.3.8.RELEASE\spring-aop-4.3.8.RELEASE.jar;D:\java\maven-3.0.5\repository\org\springframework\spring-beans\4.3.8.RELEASE\spring-beans-4.3.8.RELEASE.jar;D:\java\maven-3.0.5\repository\org\aspectj\aspectjweaver\1.8.10\aspectjweaver-1.8.10.jar;D:\java\maven-3.0.5\repository\org\springframework\cloud\spring-cloud-starter-eureka-server\1.1.0.RELEASE\spring-cloud-starter-eureka-server-1.1.0.RELEASE.jar;D:\java\maven-3.0.5\repository\org\springframework\cloud\spring-cloud-starter\1.1.0.RELEASE\spring-cloud-starter-1.1.0.RELEASE.jar;D:\java\maven-3.0.5\repository\org\springframework\cloud\spring-cloud-context\1.1.0.RELEASE\spring-cloud-context-1.1.0.RELEASE.jar;D:\java\maven-3.0.5\repository\org\springframework\security\spring-security-rsa\1.0.1.RELEASE\spring-security-rsa-1.0.1.RELEASE.jar;D:\java\maven-3.0.5\repository\org\bouncycastle\bcpkix-jdk15on\1.47\bcpkix-jdk15on-1.47.jar;D:\java\maven-3.0.5\repository\org\bouncycastle\bcprov-jdk15on\1.47\bcprov-jdk15on-1.47.jar;D:\java\maven-3.0.5\repository\org\springframework\cloud\spring-cloud-netflix-eureka-server\1.1.0.RELEASE\spring-cloud-netflix-eureka-server-1.1.0.RELEASE.jar;D:\java\maven-3.0.5\repository\org\springframework\boot\spring-boot-starter-freemarker\1.5.3.RELEASE\spring-boot-starter-freemarker-1.5.3.RELEASE.jar;D:\java\maven-3.0.5\repository\org\freemarker\freemarker\2.3.26-incubating\freemarker-2.3.26-incubating.jar;D:\java\maven-3.0.5\repository\org\springframework\spring-context-support\4.3.8.RELEASE\spring-context-support-4.3.8.RELEASE.jar;D:\java\maven-3.0.5\repository\org\springframework\cloud\spring-cloud-netflix-eureka-client\1.1.0.RELEASE\spring-cloud-netflix-eureka-client-1.1.0.RELEASE.jar;D:\java\maven-3.0.5\repository\com\netflix\eureka\eureka-client\1.4.6\eureka-client-1.4.6.jar;D:\java\maven-3.0.5\repository\org\codehaus\jettison\jettison\1.3.7\jettison-1.3.7.jar;D:\java\maven-3.0.5\repository\stax\stax-api\1.0.1\stax-api-1.0.1.jar;D:\java\maven-3.0.5\repository\com\netflix\netflix-commons\netflix-eventbus\0.3.0\netflix-eventbus-0.3.0.jar;D:\java\maven-3.0.5\repository\javax\ws\rs\jsr311-api\1.1.1\jsr311-api-1.1.1.jar;D:\java\maven-3.0.5\repository\com\sun\jersey\jersey-core\1.19.1\jersey-core-1.19.1.jar;D:\java\maven-3.0.5\repository\com\google\inject\guice\4.0\guice-4.0.jar;D:\java\maven-3.0.5\repository\aopalliance\aopalliance\1.0\aopalliance-1.0.jar;D:\java\maven-3.0.5\repository\com\netflix\governator\governator-api\1.12.10\governator-api-1.12.10.jar;D:\java\maven-3.0.5\repository\com\sun\jersey\jersey-servlet\1.19.1\jersey-servlet-1.19.1.jar;D:\java\maven-3.0.5\repository\com\sun\jersey\jersey-server\1.19.1\jersey-server-1.19.1.jar;D:\java\maven-3.0.5\repository\com\netflix\eureka\eureka-core\1.4.6\eureka-core-1.4.6.jar;D:\java\maven-3.0.5\repository\com\amazonaws\aws-java-sdk-core\1.10.30\aws-java-sdk-core-1.10.30.jar;D:\java\maven-3.0.5\repository\com\amazonaws\aws-java-sdk-ec2\1.10.30\aws-java-sdk-ec2-1.10.30.jar;D:\java\maven-3.0.5\repository\com\amazonaws\aws-java-sdk-autoscaling\1.9.3\aws-java-sdk-autoscaling-1.9.3.jar;D:\java\maven-3.0.5\repository\com\amazonaws\aws-java-sdk-sts\1.9.3\aws-java-sdk-sts-1.9.3.jar;D:\java\maven-3.0.5\repository\com\amazonaws\aws-java-sdk-route53\1.9.3\aws-java-sdk-route53-1.9.3.jar;D:\java\maven-3.0.5\repository\com\netflix\governator\governator\1.12.10\governator-1.12.10.jar;D:\java\maven-3.0.5\repository\com\netflix\governator\governator-core\1.12.10\governator-core-1.12.10.jar;D:\java\maven-3.0.5\repository\org\codehaus\woodstox\woodstox-core-asl\4.4.1\woodstox-core-asl-4.4.1.jar;D:\java\maven-3.0.5\repository\javax\xml\stream\stax-api\1.0-2\stax-api-1.0-2.jar;D:\java\maven-3.0.5\repository\com\netflix\archaius\archaius-core\0.7.4\archaius-core-0.7.4.jar;D:\java\maven-3.0.5\repository\com\google\code\findbugs\jsr305\3.0.1\jsr305-3.0.1.jar;D:\java\maven-3.0.5\repository\javax\inject\javax.inject\1\javax.inject-1.jar;D:\java\maven-3.0.5\repository\com\fasterxml\jackson\dataformat\jackson-dataformat-xml\2.8.8\jackson-dataformat-xml-2.8.8.jar;D:\java\maven-3.0.5\repository\com\fasterxml\jackson\module\jackson-module-jaxb-annotations\2.8.8\jackson-module-jaxb-annotations-2.8.8.jar;D:\java\maven-3.0.5\repository\org\codehaus\woodstox\stax2-api\3.1.4\stax2-api-3.1.4.jar;D:\java\maven-3.0.5\repository\com\fasterxml\woodstox\woodstox-core\5.0.3\woodstox-core-5.0.3.jar;D:\java\maven-3.0.5\repository\com\thoughtworks\xstream\xstream\1.4.2\xstream-1.4.2.jar;D:\java\maven-3.0.5\repository\xmlpull\xmlpull\1.1.3.1\xmlpull-1.1.3.1.jar;D:\java\maven-3.0.5\repository\xpp3\xpp3_min\1.1.4c\xpp3_min-1.1.4c.jar;D:\java\maven-3.0.5\repository\org\springframework\cloud\spring-cloud-starter-archaius\1.1.0.RELEASE\spring-cloud-starter-archaius-1.1.0.RELEASE.jar;D:\java\maven-3.0.5\repository\commons-configuration\commons-configuration\1.8\commons-configuration-1.8.jar;D:\java\maven-3.0.5\repository\commons-logging\commons-logging\1.1.1\commons-logging-1.1.1.jar;D:\java\maven-3.0.5\repository\com\fasterxml\jackson\core\jackson-annotations\2.8.0\jackson-annotations-2.8.0.jar;D:\java\maven-3.0.5\repository\com\fasterxml\jackson\core\jackson-core\2.8.8\jackson-core-2.8.8.jar;D:\java\maven-3.0.5\repository\com\fasterxml\jackson\core\jackson-databind\2.8.8\jackson-databind-2.8.8.jar;D:\java\maven-3.0.5\repository\com\google\guava\guava\18.0\guava-18.0.jar;D:\java\maven-3.0.5\repository\com\netflix\ribbon\ribbon-eureka\2.1.5\ribbon-eureka-2.1.5.jar;D:\java\maven-3.0.5\repository\org\slf4j\slf4j-api\1.7.25\slf4j-api-1.7.25.jar;D:\java\maven-3.0.5\repository\org\springframework\boot\spring-boot-starter-security\1.5.3.RELEASE\spring-boot-starter-security-1.5.3.RELEASE.jar;D:\java\maven-3.0.5\repository\org\springframework\security\spring-security-config\4.2.2.RELEASE\spring-security-config-4.2.2.RELEASE.jar;D:\java\maven-3.0.5\repository\org\springframework\security\spring-security-core\4.2.2.RELEASE\spring-security-core-4.2.2.RELEASE.jar;D:\java\maven-3.0.5\repository\org\springframework\spring-context\4.3.8.RELEASE\spring-context-4.3.8.RELEASE.jar;D:\java\maven-3.0.5\repository\org\springframework\security\spring-security-web\4.2.2.RELEASE\spring-security-web-4.2.2.RELEASE.jar;D:\java\maven-3.0.5\repository\org\springframework\spring-expression\4.3.8.RELEASE\spring-expression-4.3.8.RELEASE.jar;D:\java\maven-3.0.5\repository\org\springframework\cloud\spring-cloud-starter-ribbon\1.1.0.RELEASE\spring-cloud-starter-ribbon-1.1.0.RELEASE.jar;D:\java\maven-3.0.5\repository\org\springframework\cloud\spring-cloud-netflix-core\1.1.0.RELEASE\spring-cloud-netflix-core-1.1.0.RELEASE.jar;D:\java\maven-3.0.5\repository\com\netflix\ribbon\ribbon\2.1.5\ribbon-2.1.5.jar;D:\java\maven-3.0.5\repository\com\netflix\ribbon\ribbon-transport\2.1.5\ribbon-transport-2.1.5.jar;D:\java\maven-3.0.5\repository\io\reactivex\rxnetty-contexts\0.4.9\rxnetty-contexts-0.4.9.jar;D:\java\maven-3.0.5\repository\io\reactivex\rxnetty-servo\0.4.9\rxnetty-servo-0.4.9.jar;D:\java\maven-3.0.5\repository\io\reactivex\rxnetty\0.4.9\rxnetty-0.4.9.jar;D:\java\maven-3.0.5\repository\io\netty\netty-codec-http\4.0.27.Final\netty-codec-http-4.0.27.Final.jar;D:\java\maven-3.0.5\repository\io\netty\netty-codec\4.0.27.Final\netty-codec-4.0.27.Final.jar;D:\java\maven-3.0.5\repository\io\netty\netty-handler\4.0.27.Final\netty-handler-4.0.27.Final.jar;D:\java\maven-3.0.5\repository\io\netty\netty-transport-native-epoll\4.0.27.Final\netty-transport-native-epoll-4.0.27.Final.jar;D:\java\maven-3.0.5\repository\io\netty\netty-common\4.0.27.Final\netty-common-4.0.27.Final.jar;D:\java\maven-3.0.5\repository\io\netty\netty-buffer\4.0.27.Final\netty-buffer-4.0.27.Final.jar;D:\java\maven-3.0.5\repository\io\netty\netty-transport\4.0.27.Final\netty-transport-4.0.27.Final.jar;D:\java\maven-3.0.5\repository\com\netflix\ribbon\ribbon-core\2.1.5\ribbon-core-2.1.5.jar;D:\java\maven-3.0.5\repository\commons-lang\commons-lang\2.6\commons-lang-2.6.jar;D:\java\maven-3.0.5\repository\com\netflix\ribbon\ribbon-httpclient\2.1.5\ribbon-httpclient-2.1.5.jar;D:\java\maven-3.0.5\repository\commons-collections\commons-collections\3.2.2\commons-collections-3.2.2.jar;D:\java\maven-3.0.5\repository\org\apache\httpcomponents\httpclient\4.5.3\httpclient-4.5.3.jar;D:\java\maven-3.0.5\repository\org\apache\httpcomponents\httpcore\4.4.6\httpcore-4.4.6.jar;D:\java\maven-3.0.5\repository\commons-codec\commons-codec\1.10\commons-codec-1.10.jar;D:\java\maven-3.0.5\repository\com\sun\jersey\jersey-client\1.19.1\jersey-client-1.19.1.jar;D:\java\maven-3.0.5\repository\com\sun\jersey\contribs\jersey-apache-client4\1.19.1\jersey-apache-client4-1.19.1.jar;D:\java\maven-3.0.5\repository\com\netflix\servo\servo-core\0.10.1\servo-core-0.10.1.jar;D:\java\maven-3.0.5\repository\com\netflix\servo\servo-internal\0.10.1\servo-internal-0.10.1.jar;D:\java\maven-3.0.5\repository\com\netflix\netflix-commons\netflix-commons-util\0.1.1\netflix-commons-util-0.1.1.jar;D:\java\maven-3.0.5\repository\com\netflix\ribbon\ribbon-loadbalancer\2.1.5\ribbon-loadbalancer-2.1.5.jar;D:\java\maven-3.0.5\repository\com\netflix\netflix-commons\netflix-statistics\0.1.1\netflix-statistics-0.1.1.jar;D:\java\maven-3.0.5\repository\io\reactivex\rxjava\1.1.5\rxjava-1.1.5.jar;D:\java\maven-3.0.5\repository\org\springframework\cloud\spring-cloud-starter-feign\1.1.0.RELEASE\spring-cloud-starter-feign-1.1.0.RELEASE.jar;D:\java\maven-3.0.5\repository\org\springframework\spring-web\4.3.8.RELEASE\spring-web-4.3.8.RELEASE.jar;D:\java\maven-3.0.5\repository\org\springframework\cloud\spring-cloud-commons\1.1.0.RELEASE\spring-cloud-commons-1.1.0.RELEASE.jar;D:\java\maven-3.0.5\repository\org\springframework\security\spring-security-crypto\4.2.2.RELEASE\spring-security-crypto-4.2.2.RELEASE.jar;D:\java\maven-3.0.5\repository\com\netflix\feign\feign-core\8.16.2\feign-core-8.16.2.jar;D:\java\maven-3.0.5\repository\org\jvnet\animal-sniffer-annotation\1.0\animal-sniffer-annotation-1.0.jar;D:\java\maven-3.0.5\repository\com\netflix\feign\feign-slf4j\8.16.2\feign-slf4j-8.16.2.jar;D:\java\maven-3.0.5\repository\com\netflix\feign\feign-hystrix\8.16.2\feign-hystrix-8.16.2.jar;D:\java\maven-3.0.5\repository\org\springframework\cloud\spring-cloud-starter-hystrix\1.1.0.RELEASE\spring-cloud-starter-hystrix-1.1.0.RELEASE.jar;D:\java\maven-3.0.5\repository\com\netflix\hystrix\hystrix-core\1.5.2\hystrix-core-1.5.2.jar;D:\java\maven-3.0.5\repository\org\hdrhistogram\HdrHistogram\2.1.7\HdrHistogram-2.1.7.jar;D:\java\maven-3.0.5\repository\com\netflix\hystrix\hystrix-metrics-event-stream\1.5.2\hystrix-metrics-event-stream-1.5.2.jar;D:\java\maven-3.0.5\repository\com\netflix\hystrix\hystrix-javanica\1.5.2\hystrix-javanica-1.5.2.jar;D:\java\maven-3.0.5\repository\org\apache\commons\commons-lang3\3.1\commons-lang3-3.1.jar;D:\java\maven-3.0.5\repository\org\ow2\asm\asm\5.0.4\asm-5.0.4.jar;D:\java\maven-3.0.5\repository\org\springframework\boot\spring-boot-starter-actuator\1.5.3.RELEASE\spring-boot-starter-actuator-1.5.3.RELEASE.jar;D:\java\maven-3.0.5\repository\org\springframework\boot\spring-boot-actuator\1.5.3.RELEASE\spring-boot-actuator-1.5.3.RELEASE.jar;D:\java\maven-3.0.5\repository\org\springframework\cloud\spring-cloud-starter-hystrix-dashboard\1.1.0.RELEASE\spring-cloud-starter-hystrix-dashboard-1.1.0.RELEASE.jar;D:\java\maven-3.0.5\repository\org\springframework\boot\spring-boot-starter-web\1.5.3.RELEASE\spring-boot-starter-web-1.5.3.RELEASE.jar;D:\java\maven-3.0.5\repository\org\springframework\boot\spring-boot-starter-tomcat\1.5.3.RELEASE\spring-boot-starter-tomcat-1.5.3.RELEASE.jar;D:\java\maven-3.0.5\repository\org\apache\tomcat\embed\tomcat-embed-core\8.5.14\tomcat-embed-core-8.5.14.jar;D:\java\maven-3.0.5\repository\org\apache\tomcat\embed\tomcat-embed-el\8.5.14\tomcat-embed-el-8.5.14.jar;D:\java\maven-3.0.5\repository\org\apache\tomcat\embed\tomcat-embed-websocket\8.5.14\tomcat-embed-websocket-8.5.14.jar;D:\java\maven-3.0.5\repository\org\hibernate\hibernate-validator\5.3.5.Final\hibernate-validator-5.3.5.Final.jar;D:\java\maven-3.0.5\repository\javax\validation\validation-api\1.1.0.Final\validation-api-1.1.0.Final.jar;D:\java\maven-3.0.5\repository\org\jboss\logging\jboss-logging\3.3.1.Final\jboss-logging-3.3.1.Final.jar;D:\java\maven-3.0.5\repository\com\fasterxml\classmate\1.3.3\classmate-1.3.3.jar;D:\java\maven-3.0.5\repository\org\springframework\spring-webmvc\4.3.8.RELEASE\spring-webmvc-4.3.8.RELEASE.jar;D:\java\maven-3.0.5\repository\org\springframework\cloud\spring-cloud-netflix-hystrix-dashboard\1.1.0.RELEASE\spring-cloud-netflix-hystrix-dashboard-1.1.0.RELEASE.jar;D:\java\maven-3.0.5\repository\org\webjars\jquery\2.1.1\jquery-2.1.1.jar;D:\java\maven-3.0.5\repository\org\webjars\d3js\3.4.11\d3js-3.4.11.jar;D:\java\maven-3.0.5\repository\org\springframework\cloud\spring-cloud-starter-zuul\1.1.0.RELEASE\spring-cloud-starter-zuul-1.1.0.RELEASE.jar;D:\java\maven-3.0.5\repository\com\netflix\zuul\zuul-core\1.1.0\zuul-core-1.1.0.jar;D:\java\maven-3.0.5\repository\commons-io\commons-io\2.4\commons-io-2.4.jar;D:\java\maven-3.0.5\repository\org\mybatis\mybatis-spring\1.2.2\mybatis-spring-1.2.2.jar;D:\java\maven-3.0.5\repository\org\mybatis\mybatis\3.2.8\mybatis-3.2.8.jar;D:\java\maven-3.0.5\repository\c3p0\c3p0\0.9.1.2\c3p0-0.9.1.2.jar;D:\java\maven-3.0.5\repository\mysql\mysql-connector-java\5.1.41\mysql-connector-java-5.1.41.jar;"/>
    <property name="sun.cpu.endian" value="little"/>
    <property name="user.home" value="C:\Users\ouyang"/>
    <property name="user.language" value="zh"/>
    <property name="java.specification.vendor" value="Oracle Corporation"/>
    <property name="java.home" value="D:\Program Files\Java\jdk1.8.0_131\jre"/>
    <property name="basedir" value="D:\pccw\workspace_arch\springcloud-parent\springcloud-feign"/>
    <property name="file.separator" value="\"/>
    <property name="line.separator" value="&#10;"/>
    <property name="java.vm.specification.vendor" value="Oracle Corporation"/>
    <property name="java.specification.name" value="Java Platform API Specification"/>
    <property name="java.awt.graphicsenv" value="sun.awt.Win32GraphicsEnvironment"/>
    <property name="surefire.real.class.path" value="C:\Users\ouyang\AppData\Local\Temp\surefire2475747836720216503\surefirebooter5832995854725480371.jar"/>
    <property name="sun.boot.class.path" value="D:\Program Files\Java\jdk1.8.0_131\jre\lib\resources.jar;D:\Program Files\Java\jdk1.8.0_131\jre\lib\rt.jar;D:\Program Files\Java\jdk1.8.0_131\jre\lib\sunrsasign.jar;D:\Program Files\Java\jdk1.8.0_131\jre\lib\jsse.jar;D:\Program Files\Java\jdk1.8.0_131\jre\lib\jce.jar;D:\Program Files\Java\jdk1.8.0_131\jre\lib\charsets.jar;D:\Program Files\Java\jdk1.8.0_131\jre\lib\jfr.jar;D:\Program Files\Java\jdk1.8.0_131\jre\classes"/>
    <property name="user.script" value=""/>
    <property name="sun.management.compiler" value="HotSpot 64-Bit Tiered Compilers"/>
    <property name="java.runtime.version" value="1.8.0_131-b11"/>
    <property name="user.name" value="ouyang"/>
    <property name="path.separator" value=";"/>
    <property name="os.version" value="10.0"/>
    <property name="java.endorsed.dirs" value="D:\Program Files\Java\jdk1.8.0_131\jre\lib\endorsed"/>
    <property name="java.runtime.name" value="Java(TM) SE Runtime Environment"/>
    <property name="file.encoding" value="GBK"/>
    <property name="java.vm.name" value="Java HotSpot(TM) 64-Bit Server VM"/>
    <property name="localRepository" value="D:\java\maven-3.0.5\repository"/>
    <property name="java.vendor.url.bug" value="http://bugreport.sun.com/bugreport/"/>
    <property name="java.io.tmpdir" value="C:\Users\ouyang\AppData\Local\Temp\"/>
    <property name="java.version" value="1.8.0_131"/>
    <property name="user.dir" value="D:\pccw\workspace_arch\springcloud-parent\springcloud-feign"/>
    <property name="os.arch" value="amd64"/>
    <property name="java.vm.specification.name" value="Java Virtual Machine Specification"/>
    <property name="java.awt.printerjob" value="sun.awt.windows.WPrinterJob"/>
    <property name="sun.os.patch.level" value=""/>
    <property name="java.library.path" value="D:\Program Files\Java\jdk1.8.0_131\jre\bin;C:\WINDOWS\Sun\Java\bin;C:\WINDOWS\system32;C:\WINDOWS;C:\ProgramData\Oracle\Java\javapath;C:\Program Files (x86)\Intel\iCLS Client\;C:\Program Files\Intel\iCLS Client\;C:\Windows\system32;C:\Windows;C:\Windows\System32\Wbem;C:\Windows\System32\WindowsPowerShell\v1.0\;C:\Program Files (x86)\NVIDIA Corporation\PhysX\Common;C:\Program Files (x86)\Intel\Intel(R) Management Engine Components\DAL;C:\Program Files\Intel\Intel(R) Management Engine Components\DAL;C:\Program Files (x86)\Intel\Intel(R) Management Engine Components\IPT;C:\Program Files\Intel\Intel(R) Management Engine Components\IPT;C:\Program Files\Intel\WiFi\bin\;C:\Program Files\Common Files\Intel\WirelessCommon\;D:\Program Files (x86)\Java\jdk1.6.0_21\bin;D:\Program Files (x86)\Java\jre6\bin;D:\Program Files (x86)\MySQL\MySQL Server 5.0\bin;D:\java\maven-3.0.5\bin;C:\WINDOWS\system32;C:\WINDOWS;C:\WINDOWS\System32\Wbem;C:\WINDOWS\System32\WindowsPowerShell\v1.0\;D:\java\andriod\android-sdk-windows\tools;E:\Program Files\TortoiseSVN\bin;C:\Users\ouyang\AppData\Local\Microsoft\WindowsApps;D:\java\andriod\android-sdk-windows\tools;."/>
    <property name="java.vm.info" value="mixed mode"/>
    <property name="java.vendor" value="Oracle Corporation"/>
    <property name="java.vm.version" value="25.131-b11"/>
    <property name="java.ext.dirs" value="D:\Program Files\Java\jdk1.8.0_131\jre\lib\ext;C:\WINDOWS\Sun\Java\lib\ext"/>
    <property name="sun.io.unicode.encoding" value="UnicodeLittle"/>
    <property name="java.class.version" value="52.0"/>
  </properties>
  <testcase name="shouldAnswerWithTrue" classname="org.springcloud.feign.AppTest" time="0.001"/>
</testsuite>